Build started 19/04/2012 01:47:30.
     1>Project "c:\Users\Erik\documents\visual studio 2010\Projects\RepoCraft\RepoCraft\RepoCraft.vcxproj" on node 2 (build target(s)).
     1>InitializeBuildStatus:
         Touching "Debug\RepoCraft.unsuccessfulbuild".
       ClCompile:
         All outputs are up-to-date.
       ManifestResourceCompile:
         All outputs are up-to-date.
       Link:
         c:\Program Files (x86)\Microsoft Visual Studio 10.0\VC\bin\link.exe /ERRORREPORT:PROMPT /OUT:"c:\users\erik\documents\visual studio 2010\Projects\RepoCraft\Debug\RepoCraft.exe" /INCREMENTAL /NOLOGO kernel32.lib user32.lib gdi32.lib winspool.lib comdlg32.lib advapi32.lib shell32.lib ole32.lib oleaut32.lib uuid.lib odbc32.lib odbccp32.lib /MANIFEST /ManifestFile:"Debug\RepoCraft.exe.intermediate.manifest" /MANIFESTUAC:"level='asInvoker' uiAccess='false'" /DEBUG /PDB:"c:\users\erik\documents\visual studio 2010\Projects\RepoCraft\Debug\RepoCraft.pdb" /SUBSYSTEM:WINDOWS /TLBID:1 /DYNAMICBASE /NXCOMPAT /IMPLIB:"c:\users\erik\documents\visual studio 2010\Projects\RepoCraft\Debug\RepoCraft.lib" /MACHINE:X86 Debug\RepoCraft.exe.embed.manifest.res
         Debug\d3dclass.obj
         Debug\graphicsclass.obj
         Debug\inputclass.obj
         Debug\main.obj
         Debug\systemclass.obj
       Manifest:
         C:\Program Files (x86)\Microsoft SDKs\Windows\v7.0A\bin\mt.exe /nologo /verbose /out:"Debug\RepoCraft.exe.embed.manifest" /manifest Debug\RepoCraft.exe.intermediate.manifest
         All outputs are up-to-date.
       LinkEmbedManifest:
         All outputs are up-to-date.
         RepoCraft.vcxproj -> c:\users\erik\documents\visual studio 2010\Projects\RepoCraft\Debug\RepoCraft.exe
       FinalizeBuildStatus:
         Deleting file "Debug\RepoCraft.unsuccessfulbuild".
         Touching "Debug\RepoCraft.lastbuildstate".
     1>Done Building Project "c:\Users\Erik\documents\visual studio 2010\Projects\RepoCraft\RepoCraft\RepoCraft.vcxproj" (build target(s)).

Build succeeded.

Time Elapsed 00:00:00.37
